# JRE version: Java(TM) SE Runtime Environment 18.9 (11.0.7+8) (build 11.0.7+8-LTS)
# Java VM: Java HotSpot(TM) 64-Bit Server VM 18.9 (11.0.7+8-LTS, mixed mode, tiered, compressed oops, g1 gc, windows-amd64)
Heap:
 garbage-first heap   total 189440K, used 36840K [0x0000000081000000, 0x0000000100000000)
  region size 1024K, 16 young (16384K), 9 survivors (9216K)
 Metaspace       used 64903K, capacity 67059K, committed 67228K, reserved 1107968K
  class space    used 8661K, capacity 9467K, committed 9548K, reserved 1048576K
GC Heap History (10 events):
Event: 2.802 GC heap before
{Heap before GC invocations=8 (full 0):
 garbage-first heap   total 131072K, used 86269K [0x0000000081000000, 0x0000000100000000)
  region size 1024K, 76 young (77824K), 7 survivors (7168K)
 Metaspace       used 38312K, capacity 39697K, committed 39964K, reserved 1083392K
  class space    used 4928K, capacity 5464K, committed 5580K, reserved 1048576K
}
Event: 2.807 GC heap after
{Heap after GC invocations=9 (full 0):
 garbage-first heap   total 157696K, used 18782K [0x0000000081000000, 0x0000000100000000)
  region size 1024K, 7 young (7168K), 7 survivors (7168K)
 Metaspace       used 38312K, capacity 39697K, committed 39964K, reserved 1083392K
  class space    used 4928K, capacity 5464K, committed 5580K, reserved 1048576K
}
Event: 3.208 GC heap before
{Heap before GC invocations=10 (full 0):
 garbage-first heap   total 157696K, used 104798K [0x0000000081000000, 0x0000000100000000)
  region size 1024K, 92 young (94208K), 7 survivors (7168K)
 Metaspace       used 45214K, capacity 46740K, committed 46876K, reserved 1089536K
  class space    used 5723K, capacity 6319K, committed 6348K, reserved 1048576K
}
Event: 3.212 GC heap after
{Heap after GC invocations=11 (full 0):
 garbage-first heap   total 157696K, used 21660K [0x0000000081000000, 0x0000000100000000)
  region size 1024K, 9 young (9216K), 9 survivors (9216K)
 Metaspace       used 45214K, capacity 46740K, committed 46876K, reserved 1089536K
  class space    used 5723K, capacity 6319K, committed 6348K, reserved 1048576K
}
Event: 3.979 GC heap before
{Heap before GC invocations=11 (full 0):
 garbage-first heap   total 157696K, used 105628K [0x0000000081000000, 0x0000000100000000)
  region size 1024K, 92 young (94208K), 9 survivors (9216K)
 Metaspace       used 54610K, capacity 56275K, committed 56476K, reserved 1097728K
  class space    used 7105K, capacity 7736K, committed 7756K, reserved 1048576K
}
Event: 3.985 GC heap after
{Heap after GC invocations=12 (full 0):
 garbage-first heap   total 157696K, used 25469K [0x0000000081000000, 0x0000000100000000)
  region size 1024K, 9 young (9216K), 9 survivors (9216K)
 Metaspace       used 54610K, capacity 56275K, committed 56476K, reserved 1097728K
  class space    used 7105K, capacity 7736K, committed 7756K, reserved 1048576K
}
Event: 4.688 GC heap before
{Heap before GC invocations=12 (full 0):
 garbage-first heap   total 157696K, used 110461K [0x0000000081000000, 0x0000000100000000)
  region size 1024K, 92 young (94208K), 9 survivors (9216K)
 Metaspace       used 63043K, capacity 65025K, committed 65308K, reserved 1105920K
  class space    used 8355K, capacity 9113K, committed 9164K, reserved 1048576K
}
Event: 4.696 GC heap after
{Heap after GC invocations=13 (full 0):
 garbage-first heap   total 157696K, used 28417K [0x0000000081000000, 0x0000000100000000)
  region size 1024K, 7 young (7168K), 7 survivors (7168K)
 Metaspace       used 63043K, capacity 65025K, committed 65308K, reserved 1105920K
  class space    used 8355K, capacity 9113K, committed 9164K, reserved 1048576K
}
Event: 5.061 GC heap before
{Heap before GC invocations=13 (full 0):
 garbage-first heap   total 157696K, used 109313K [0x0000000081000000, 0x0000000100000000)
  region size 1024K, 87 young (89088K), 7 survivors (7168K)
 Metaspace       used 64340K, capacity 66478K, committed 66588K, reserved 1105920K
  class space    used 8546K, capacity 9357K, committed 9420K, reserved 1048576K
}
Event: 5.067 GC heap after
{Heap after GC invocations=14 (full 0):
 garbage-first heap   total 189440K, used 30696K [0x0000000081000000, 0x0000000100000000)
  region size 1024K, 9 young (9216K), 9 survivors (9216K)
 Metaspace       used 64340K, capacity 66478K, committed 66588K, reserved 1105920K
  class space    used 8546K, capacity 9357K, committed 9420K, reserved 1048576K
}

